Configuring blaze-html-0.8.0.2...
Building blaze-html-0.8.0.2...
Preprocessing library blaze-html-0.8.0.2...
[ 1 of 21] Compiling Text.Blaze.XHtml5.Attributes ( src/Text/Blaze/XHtml5/Attributes.hs, dist/dist-sandbox-4fb45de7/build/Text/Blaze/XHtml5/Attributes.o )
[ 2 of 21] Compiling Text.Blaze.XHtml1.Transitional.Attributes ( src/Text/Blaze/XHtml1/Transitional/Attributes.hs, dist/dist-sandbox-4fb45de7/build/Text/Blaze/XHtml1/Transitional/Attributes.o )
[ 3 of 21] Compiling Text.Blaze.XHtml1.Strict.Attributes ( src/Text/Blaze/XHtml1/Strict/Attributes.hs, dist/dist-sandbox-4fb45de7/build/Text/Blaze/XHtml1/Strict/Attributes.o )
[ 4 of 21] Compiling Text.Blaze.XHtml1.FrameSet.Attributes ( src/Text/Blaze/XHtml1/FrameSet/Attributes.hs, dist/dist-sandbox-4fb45de7/build/Text/Blaze/XHtml1/FrameSet/Attributes.o )
[ 5 of 21] Compiling Text.Blaze.Html5.Attributes ( src/Text/Blaze/Html5/Attributes.hs, dist/dist-sandbox-4fb45de7/build/Text/Blaze/Html5/Attributes.o )
[ 6 of 21] Compiling Text.Blaze.Html4.Transitional.Attributes ( src/Text/Blaze/Html4/Transitional/Attributes.hs, dist/dist-sandbox-4fb45de7/build/Text/Blaze/Html4/Transitional/Attributes.o )
[ 7 of 21] Compiling Text.Blaze.Html4.Strict.Attributes ( src/Text/Blaze/Html4/Strict/Attributes.hs, dist/dist-sandbox-4fb45de7/build/Text/Blaze/Html4/Strict/Attributes.o )
[ 8 of 21] Compiling Text.Blaze.Html4.FrameSet.Attributes ( src/Text/Blaze/Html4/FrameSet/Attributes.hs, dist/dist-sandbox-4fb45de7/build/Text/Blaze/Html4/FrameSet/Attributes.o )
[ 9 of 21] Compiling Text.Blaze.Html  ( src/Text/Blaze/Html.hs, dist/dist-sandbox-4fb45de7/build/Text/Blaze/Html.o )
[10 of 21] Compiling Text.Blaze.Html.Renderer.Pretty ( src/Text/Blaze/Html/Renderer/Pretty.hs, dist/dist-sandbox-4fb45de7/build/Text/Blaze/Html/Renderer/Pretty.o )
[11 of 21] Compiling Text.Blaze.Html.Renderer.String ( src/Text/Blaze/Html/Renderer/String.hs, dist/dist-sandbox-4fb45de7/build/Text/Blaze/Html/Renderer/String.o )
[12 of 21] Compiling Text.Blaze.Html.Renderer.Text ( src/Text/Blaze/Html/Renderer/Text.hs, dist/dist-sandbox-4fb45de7/build/Text/Blaze/Html/Renderer/Text.o )
[13 of 21] Compiling Text.Blaze.Html.Renderer.Utf8 ( src/Text/Blaze/Html/Renderer/Utf8.hs, dist/dist-sandbox-4fb45de7/build/Text/Blaze/Html/Renderer/Utf8.o )
[14 of 21] Compiling Text.Blaze.Html4.FrameSet ( src/Text/Blaze/Html4/FrameSet.hs, dist/dist-sandbox-4fb45de7/build/Text/Blaze/Html4/FrameSet.o )
[15 of 21] Compiling Text.Blaze.Html4.Strict ( src/Text/Blaze/Html4/Strict.hs, dist/dist-sandbox-4fb45de7/build/Text/Blaze/Html4/Strict.o )
[16 of 21] Compiling Text.Blaze.Html4.Transitional ( src/Text/Blaze/Html4/Transitional.hs, dist/dist-sandbox-4fb45de7/build/Text/Blaze/Html4/Transitional.o )
[17 of 21] Compiling Text.Blaze.Html5 ( src/Text/Blaze/Html5.hs, dist/dist-sandbox-4fb45de7/build/Text/Blaze/Html5.o )
[18 of 21] Compiling Text.Blaze.XHtml1.FrameSet ( src/Text/Blaze/XHtml1/FrameSet.hs, dist/dist-sandbox-4fb45de7/build/Text/Blaze/XHtml1/FrameSet.o )
[19 of 21] Compiling Text.Blaze.XHtml1.Strict ( src/Text/Blaze/XHtml1/Strict.hs, dist/dist-sandbox-4fb45de7/build/Text/Blaze/XHtml1/Strict.o )
[20 of 21] Compiling Text.Blaze.XHtml1.Transitional ( src/Text/Blaze/XHtml1/Transitional.hs, dist/dist-sandbox-4fb45de7/build/Text/Blaze/XHtml1/Transitional.o )
[21 of 21] Compiling Text.Blaze.XHtml5 ( src/Text/Blaze/XHtml5.hs, dist/dist-sandbox-4fb45de7/build/Text/Blaze/XHtml5.o )
In-place registering blaze-html-0.8.0.2...
Creating package registration file:
/var/folders/kt/382lbbtj623_y_8xznrgbs9mb8d0_d/T/pkgConf-blaze-html-0.8.02655092392090245054.2
Installing library in
/Users/gpeterson/code/haskell/scotty-first/.cabal-sandbox/lib/x86_64-osx-ghc-7.10.1/blaze_6TKbA9fJ3xV63Npzdwb5bV
Registering blaze-html-0.8.0.2...
