Configuring blaze-markup-0.7.0.2...
Building blaze-markup-0.7.0.2...
Preprocessing library blaze-markup-0.7.0.2...
[1 of 6] Compiling Text.Blaze.Internal ( src/Text/Blaze/Internal.hs, dist/dist-sandbox-4fb45de7/build/Text/Blaze/Internal.o )

src/Text/Blaze/Internal.hs:74:1: Warning:
    The import of ‘Control.Applicative’ is redundant
      except perhaps to import instances from ‘Control.Applicative’
    To import instances alone, use: import Control.Applicative()

src/Text/Blaze/Internal.hs:75:1: Warning:
    The import of ‘Data.Monoid’ is redundant
      except perhaps to import instances from ‘Data.Monoid’
    To import instances alone, use: import Data.Monoid()
[2 of 6] Compiling Text.Blaze.Renderer.String ( src/Text/Blaze/Renderer/String.hs, dist/dist-sandbox-4fb45de7/build/Text/Blaze/Renderer/String.o )
[3 of 6] Compiling Text.Blaze.Renderer.Pretty ( src/Text/Blaze/Renderer/Pretty.hs, dist/dist-sandbox-4fb45de7/build/Text/Blaze/Renderer/Pretty.o )
[4 of 6] Compiling Text.Blaze.Renderer.Text ( src/Text/Blaze/Renderer/Text.hs, dist/dist-sandbox-4fb45de7/build/Text/Blaze/Renderer/Text.o )

src/Text/Blaze/Renderer/Text.hs:15:1: Warning:
    The import of ‘Data.Monoid’ is redundant
      except perhaps to import instances from ‘Data.Monoid’
    To import instances alone, use: import Data.Monoid()
[5 of 6] Compiling Text.Blaze.Renderer.Utf8 ( src/Text/Blaze/Renderer/Utf8.hs, dist/dist-sandbox-4fb45de7/build/Text/Blaze/Renderer/Utf8.o )

src/Text/Blaze/Renderer/Utf8.hs:11:1: Warning:
    The import of ‘Data.Monoid’ is redundant
      except perhaps to import instances from ‘Data.Monoid’
    To import instances alone, use: import Data.Monoid()
[6 of 6] Compiling Text.Blaze       ( src/Text/Blaze.hs, dist/dist-sandbox-4fb45de7/build/Text/Blaze.o )

src/Text/Blaze.hs:91:1: Warning:
    The import of ‘Data.Monoid’ is redundant
      except perhaps to import instances from ‘Data.Monoid’
    To import instances alone, use: import Data.Monoid()

src/Text/Blaze.hs:92:1: Warning:
    The import of ‘Word’ from module ‘Data.Word’ is redundant
In-place registering blaze-markup-0.7.0.2...
Creating package registration file:
/var/folders/kt/382lbbtj623_y_8xznrgbs9mb8d0_d/T/pkgConf-blaze-markup-0.7.014153062491523252771.2
Installing library in
/Users/gpeterson/code/haskell/scotty-first/.cabal-sandbox/lib/x86_64-osx-ghc-7.10.1/blaze_9nsGsfBAMM82KeEtrBy4jE
Registering blaze-markup-0.7.0.2...
