Configuring conduit-1.2.4.2...
Building conduit-1.2.4.2...
Preprocessing library conduit-1.2.4.2...
[1 of 8] Compiling Data.Conduit.Internal.Pipe ( Data/Conduit/Internal/Pipe.hs, dist/dist-sandbox-4fb45de7/build/Data/Conduit/Internal/Pipe.o )

Data/Conduit/Internal/Pipe.hs:48:1: Warning:
    The import of ‘Control.Applicative’ is redundant
      except perhaps to import instances from ‘Control.Applicative’
    To import instances alone, use: import Control.Applicative()

Data/Conduit/Internal/Pipe.hs:60:1: Warning:
    The import of ‘Data.Monoid’ is redundant
      except perhaps to import instances from ‘Data.Monoid’
    To import instances alone, use: import Data.Monoid()
[2 of 8] Compiling Data.Conduit.Internal.Conduit ( Data/Conduit/Internal/Conduit.hs, dist/dist-sandbox-4fb45de7/build/Data/Conduit/Internal/Conduit.o )

Data/Conduit/Internal/Conduit.hs:86:1: Warning:
    Module ‘Prelude’ does not export ‘catch’

Data/Conduit/Internal/Conduit.hs:87:1: Warning:
    The import of ‘Control.Applicative’ is redundant
      except perhaps to import instances from ‘Control.Applicative’
    To import instances alone, use: import Control.Applicative()

Data/Conduit/Internal/Conduit.hs:100:1: Warning:
    The import of ‘Data.Monoid’ is redundant
      except perhaps to import instances from ‘Data.Monoid’
    To import instances alone, use: import Data.Monoid()

Data/Conduit/Internal/Conduit.hs:107:1: Warning:
    The import of ‘Data.Traversable’ is redundant
      except perhaps to import instances from ‘Data.Traversable’
    To import instances alone, use: import Data.Traversable()
[3 of 8] Compiling Data.Conduit.Internal.Fusion ( Data/Conduit/Internal/Fusion.hs, dist/dist-sandbox-4fb45de7/build/Data/Conduit/Internal/Fusion.o )
[4 of 8] Compiling Data.Conduit.Internal.List.Stream ( Data/Conduit/Internal/List/Stream.hs, dist/dist-sandbox-4fb45de7/build/Data/Conduit/Internal/List/Stream.o )
[5 of 8] Compiling Data.Conduit.Internal ( Data/Conduit/Internal.hs, dist/dist-sandbox-4fb45de7/build/Data/Conduit/Internal.o )
[6 of 8] Compiling Data.Conduit     ( Data/Conduit.hs, dist/dist-sandbox-4fb45de7/build/Data/Conduit.o )
[7 of 8] Compiling Data.Conduit.List ( Data/Conduit/List.hs, dist/dist-sandbox-4fb45de7/build/Data/Conduit/List.o )
[8 of 8] Compiling Data.Conduit.Lift ( Data/Conduit/Lift.hs, dist/dist-sandbox-4fb45de7/build/Data/Conduit/Lift.o )

Data/Conduit/Lift.hs:74:1: Warning:
    The import of ‘Data.Monoid’ is redundant
      except perhaps to import instances from ‘Data.Monoid’
    To import instances alone, use: import Data.Monoid()

Data/Conduit/Lift.hs:77:1: Warning:
    Module ‘Control.Monad.Trans.Error’ is deprecated:
      Use Control.Monad.Trans.Except instead

Data/Conduit/Lift.hs:128:26: Warning:
    In the use of type constructor or class ‘E.ErrorT’
    (imported from Control.Monad.Trans.Error):
    Deprecated: "Use Control.Monad.Trans.Except instead"

Data/Conduit/Lift.hs:128:56: Warning:
    In the use of type constructor or class ‘E.Error’
    (imported from Control.Monad.Trans.Error):
    Deprecated: "Use Control.Monad.Trans.Except instead"

Data/Conduit/Lift.hs:130:29: Warning:
    In the use of type constructor or class ‘E.ErrorT’
    (imported from Control.Monad.Trans.Error):
    Deprecated: "Use Control.Monad.Trans.Except instead"

Data/Conduit/Lift.hs:133:12: Warning:
    In the use of data constructor ‘E.ErrorT’
    (imported from Control.Monad.Trans.Error):
    Deprecated: "Use Control.Monad.Trans.Except instead"

Data/Conduit/Lift.hs:139:16: Warning:
    In the use of type constructor or class ‘E.Error’
    (imported from Control.Monad.Trans.Error):
    Deprecated: "Use Control.Monad.Trans.Except instead"

Data/Conduit/Lift.hs:140:20: Warning:
    In the use of type constructor or class ‘E.ErrorT’
    (imported from Control.Monad.Trans.Error):
    Deprecated: "Use Control.Monad.Trans.Except instead"

Data/Conduit/Lift.hs:145:25: Warning:
    In the use of ‘E.runErrorT’
    (imported from Control.Monad.Trans.Error):
    Deprecated: "Use Control.Monad.Trans.Except instead"

Data/Conduit/Lift.hs:150:56: Warning:
    In the use of ‘E.runErrorT’
    (imported from Control.Monad.Trans.Error):
    Deprecated: "Use Control.Monad.Trans.Except instead"

Data/Conduit/Lift.hs:159:16: Warning:
    In the use of type constructor or class ‘E.Error’
    (imported from Control.Monad.Trans.Error):
    Deprecated: "Use Control.Monad.Trans.Except instead"

Data/Conduit/Lift.hs:160:20: Warning:
    In the use of type constructor or class ‘E.ErrorT’
    (imported from Control.Monad.Trans.Error):
    Deprecated: "Use Control.Monad.Trans.Except instead"

Data/Conduit/Lift.hs:161:29: Warning:
    In the use of type constructor or class ‘E.ErrorT’
    (imported from Control.Monad.Trans.Error):
    Deprecated: "Use Control.Monad.Trans.Except instead"

Data/Conduit/Lift.hs:162:23: Warning:
    In the use of type constructor or class ‘E.ErrorT’
    (imported from Control.Monad.Trans.Error):
    Deprecated: "Use Control.Monad.Trans.Except instead"

Data/Conduit/Lift.hs:167:32: Warning:
    In the use of ‘E.runErrorT’
    (imported from Control.Monad.Trans.Error):
    Deprecated: "Use Control.Monad.Trans.Except instead"
In-place registering conduit-1.2.4.2...
Creating package registration file:
/var/folders/kt/382lbbtj623_y_8xznrgbs9mb8d0_d/T/pkgConf-conduit-1.2.44711807731363045322.2
Installing library in
/Users/gpeterson/code/haskell/scotty-first/.cabal-sandbox/lib/x86_64-osx-ghc-7.10.1/condu_KCRIvB8l41o0nZptB3JJzE
Registering conduit-1.2.4.2...
