Configuring cookie-0.4.1.6...
Building cookie-0.4.1.6...
Preprocessing library cookie-0.4.1.6...
[1 of 1] Compiling Web.Cookie       ( Web/Cookie.hs, dist/dist-sandbox-4fb45de7/build/Web/Cookie.o )

Web/Cookie.hs:38:1: Warning:
    The import of ‘Data.Monoid’ is redundant
      except perhaps to import instances from ‘Data.Monoid’
    To import instances alone, use: import Data.Monoid()

Web/Cookie.hs:88:18: Warning:
    In the use of ‘S.breakByte’ (imported from Data.ByteString):
    Deprecated: "It is an internal function and should never have been exported. Use 'break (== x)' instead. (There are rewrite rules that handle this special case of 'break'.)"

Web/Cookie.hs:214:21: Warning:
    In the use of ‘parseTime’
    (imported from Data.Time, but defined in time-1.5.0.1:Data.Time.Format.Parse):
    Deprecated: "use "parseTimeM True" instead"
In-place registering cookie-0.4.1.6...
Creating package registration file:
/var/folders/kt/382lbbtj623_y_8xznrgbs9mb8d0_d/T/pkgConf-cookie-0.4.112507398241614285132.6
Installing library in
/Users/gpeterson/code/haskell/scotty-first/.cabal-sandbox/lib/x86_64-osx-ghc-7.10.1/cooki_2FY1UhYfRiTEORymYzdZ1n
Registering cookie-0.4.1.6...
