Configuring dlist-0.7.1.1...
Building dlist-0.7.1.1...
Preprocessing library dlist-0.7.1.1...
[1 of 1] Compiling Data.DList       ( Data/DList.hs, dist/dist-sandbox-4fb45de7/build/Data/DList.o )

Data/DList.hs:54:1: Warning:
    The import of ‘Data.Monoid’ is redundant
      except perhaps to import instances from ‘Data.Monoid’
    To import instances alone, use: import Data.Monoid()

Data/DList.hs:58:1: Warning:
    The import of ‘Data.Foldable’ is redundant
      except perhaps to import instances from ‘Data.Foldable’
    To import instances alone, use: import Data.Foldable()

Data/DList.hs:74:1: Warning:
    The import of ‘Applicative’
    from module ‘Control.Applicative’ is redundant
In-place registering dlist-0.7.1.1...
Creating package registration file:
/var/folders/kt/382lbbtj623_y_8xznrgbs9mb8d0_d/T/pkgConf-dlist-0.7.1577163951524325968.1
Installing library in
/Users/gpeterson/code/haskell/scotty-first/.cabal-sandbox/lib/x86_64-osx-ghc-7.10.1/dlist_DpQOHSA52miLcQSbCpsx0X
Registering dlist-0.7.1.1...
