Configuring fast-logger-2.3.1...
Building fast-logger-2.3.1...
Preprocessing library fast-logger-2.3.1...
[1 of 6] Compiling System.Log.FastLogger.LogStr ( System/Log/FastLogger/LogStr.hs, dist/dist-sandbox-4fb45de7/build/System/Log/FastLogger/LogStr.o )

System/Log/FastLogger/LogStr.hs:20:1: Warning:
    The import of ‘Data.Monoid’ is redundant
      except perhaps to import instances from ‘Data.Monoid’
    To import instances alone, use: import Data.Monoid()
[2 of 6] Compiling System.Log.FastLogger.IORef ( System/Log/FastLogger/IORef.hs, dist/dist-sandbox-4fb45de7/build/System/Log/FastLogger/IORef.o )
[3 of 6] Compiling System.Log.FastLogger.IO ( System/Log/FastLogger/IO.hs, dist/dist-sandbox-4fb45de7/build/System/Log/FastLogger/IO.o )
[4 of 6] Compiling System.Log.FastLogger.Logger ( System/Log/FastLogger/Logger.hs, dist/dist-sandbox-4fb45de7/build/System/Log/FastLogger/Logger.o )
[5 of 6] Compiling System.Log.FastLogger.File ( System/Log/FastLogger/File.hs, dist/dist-sandbox-4fb45de7/build/System/Log/FastLogger/File.o )
[6 of 6] Compiling System.Log.FastLogger ( System/Log/FastLogger.hs, dist/dist-sandbox-4fb45de7/build/System/Log/FastLogger.o )

System/Log/FastLogger.hs:31:1: Warning:
    The import of ‘Control.Applicative’ is redundant
      except perhaps to import instances from ‘Control.Applicative’
    To import instances alone, use: import Control.Applicative()
In-place registering fast-logger-2.3.1...
Creating package registration file:
/var/folders/kt/382lbbtj623_y_8xznrgbs9mb8d0_d/T/pkgConf-fast-logger-2.32906237201135048762.1
Installing library in
/Users/gpeterson/code/haskell/scotty-first/.cabal-sandbox/lib/x86_64-osx-ghc-7.10.1/fastl_0vDcX5FedvzLqoeilAC7pr
Registering fast-logger-2.3.1...
