Configuring iproute-1.4.0...
Building iproute-1.4.0...
Preprocessing library iproute-1.4.0...
[1 of 7] Compiling Data.IP.Addr     ( Data/IP/Addr.hs, dist/dist-sandbox-4fb45de7/build/Data/IP/Addr.o )
[2 of 7] Compiling Data.IP.Mask     ( Data/IP/Mask.hs, dist/dist-sandbox-4fb45de7/build/Data/IP/Mask.o )
[3 of 7] Compiling Data.IP.Range    ( Data/IP/Range.hs, dist/dist-sandbox-4fb45de7/build/Data/IP/Range.o )
[4 of 7] Compiling Data.IP.Op       ( Data/IP/Op.hs, dist/dist-sandbox-4fb45de7/build/Data/IP/Op.o )
[5 of 7] Compiling Data.IP.RouteTable.Internal ( Data/IP/RouteTable/Internal.hs, dist/dist-sandbox-4fb45de7/build/Data/IP/RouteTable/Internal.o )

Data/IP/RouteTable/Internal.hs:10:1: Warning:
    The import of ‘Control.Applicative’ is redundant
      except perhaps to import instances from ‘Control.Applicative’
    To import instances alone, use: import Control.Applicative()
[6 of 7] Compiling Data.IP.RouteTable ( Data/IP/RouteTable.hs, dist/dist-sandbox-4fb45de7/build/Data/IP/RouteTable.o )
[7 of 7] Compiling Data.IP          ( Data/IP.hs, dist/dist-sandbox-4fb45de7/build/Data/IP.o )
In-place registering iproute-1.4.0...
Creating package registration file:
/var/folders/kt/382lbbtj623_y_8xznrgbs9mb8d0_d/T/pkgConf-iproute-1.41486421564609960597.0
Installing library in
/Users/gpeterson/code/haskell/scotty-first/.cabal-sandbox/lib/x86_64-osx-ghc-7.10.1/iprou_0AKAVnhJgi2GcIuPDyoXyI
Registering iproute-1.4.0...
