Configuring monad-logger-0.3.13.1...
Building monad-logger-0.3.13.1...
Preprocessing library monad-logger-0.3.13.1...
[1 of 1] Compiling Control.Monad.Logger ( Control/Monad/Logger.hs, dist/dist-sandbox-4fb45de7/build/Control/Monad/Logger.o )

Control/Monad/Logger.hs:105:1: Warning:
    Module ‘Control.Monad.Trans.Error’ is deprecated:
      Use Control.Monad.Trans.Except instead

Control/Monad/Logger.hs:205:26: Warning:
    In the use of type constructor or class ‘Error’
    (imported from Control.Monad.Trans.Error):
    Deprecated: "Use Control.Monad.Trans.Except instead"

Control/Monad/Logger.hs:205:51: Warning:
    In the use of type constructor or class ‘ErrorT’
    (imported from Control.Monad.Trans.Error):
    Deprecated: "Use Control.Monad.Trans.Except instead"

Control/Monad/Logger.hs:223:28: Warning:
    In the use of type constructor or class ‘Error’
    (imported from Control.Monad.Trans.Error):
    Deprecated: "Use Control.Monad.Trans.Except instead"

Control/Monad/Logger.hs:223:55: Warning:
    In the use of type constructor or class ‘ErrorT’
    (imported from Control.Monad.Trans.Error):
    Deprecated: "Use Control.Monad.Trans.Except instead"
In-place registering monad-logger-0.3.13.1...
Creating package registration file:
/var/folders/kt/382lbbtj623_y_8xznrgbs9mb8d0_d/T/pkgConf-monad-logger-0.3.1312746295941550207533.1
Installing library in
/Users/gpeterson/code/haskell/scotty-first/.cabal-sandbox/lib/x86_64-osx-ghc-7.10.1/monad_LHWDyYUWImjJEjiZPmLCYJ
Registering monad-logger-0.3.13.1...
