Configuring postgresql-simple-0.4.10.0...
Building postgresql-simple-0.4.10.0...
Preprocessing library postgresql-simple-0.4.10.0...
[ 1 of 32] Compiling Database.PostgreSQL.Simple.TypeInfo.Types ( src/Database/PostgreSQL/Simple/TypeInfo/Types.hs, dist/dist-sandbox-4fb45de7/build/Database/PostgreSQL/Simple/TypeInfo/Types.o )
[ 2 of 32] Compiling Database.PostgreSQL.Simple.Time.Implementation ( src/Database/PostgreSQL/Simple/Time/Implementation.hs, dist/dist-sandbox-4fb45de7/build/Database/PostgreSQL/Simple/Time/Implementation.o )

src/Database/PostgreSQL/Simple/Time/Implementation.hs:29:1: Warning:
    The import of ‘Data.Monoid’ is redundant
      except perhaps to import instances from ‘Data.Monoid’
    To import instances alone, use: import Data.Monoid()
[ 3 of 32] Compiling Database.PostgreSQL.Simple.Time.Internal ( src/Database/PostgreSQL/Simple/Time/Internal.hs, dist/dist-sandbox-4fb45de7/build/Database/PostgreSQL/Simple/Time/Internal.o )
[ 4 of 32] Compiling Database.PostgreSQL.Simple.SqlQQ ( src/Database/PostgreSQL/Simple/SqlQQ.hs, dist/dist-sandbox-4fb45de7/build/Database/PostgreSQL/Simple/SqlQQ.o )
[ 5 of 32] Compiling Database.PostgreSQL.Simple.Time ( src/Database/PostgreSQL/Simple/Time.hs, dist/dist-sandbox-4fb45de7/build/Database/PostgreSQL/Simple/Time.o )
[ 6 of 32] Compiling Database.PostgreSQL.Simple.TypeInfo.Static ( src/Database/PostgreSQL/Simple/TypeInfo/Static.hs, dist/dist-sandbox-4fb45de7/build/Database/PostgreSQL/Simple/TypeInfo/Static.o )
[ 7 of 32] Compiling Database.PostgreSQL.Simple.BuiltinTypes ( src/Database/PostgreSQL/Simple/BuiltinTypes.hs, dist/dist-sandbox-4fb45de7/build/Database/PostgreSQL/Simple/BuiltinTypes.o )
[ 8 of 32] Compiling Database.PostgreSQL.Simple.Arrays ( src/Database/PostgreSQL/Simple/Arrays.hs, dist/dist-sandbox-4fb45de7/build/Database/PostgreSQL/Simple/Arrays.o )

src/Database/PostgreSQL/Simple/Arrays.hs:16:1: Warning:
    The import of ‘Applicative, <$>’
    from module ‘Control.Applicative’ is redundant

src/Database/PostgreSQL/Simple/Arrays.hs:19:1: Warning:
    The import of ‘Data.Monoid’ is redundant
      except perhaps to import instances from ‘Data.Monoid’
    To import instances alone, use: import Data.Monoid()
[ 9 of 32] Compiling Database.PostgreSQL.Simple.Types ( src/Database/PostgreSQL/Simple/Types.hs, dist/dist-sandbox-4fb45de7/build/Database/PostgreSQL/Simple/Types.o )

src/Database/PostgreSQL/Simple/Types.hs:37:1: Warning:
    The import of ‘Data.Monoid’ is redundant
      except perhaps to import instances from ‘Data.Monoid’
    To import instances alone, use: import Data.Monoid()
[10 of 32] Compiling Database.PostgreSQL.Simple.TypeInfo.Macro ( src/Database/PostgreSQL/Simple/TypeInfo/Macro.hs, dist/dist-sandbox-4fb45de7/build/Database/PostgreSQL/Simple/TypeInfo/Macro.o )
[11 of 32] Compiling Database.PostgreSQL.Simple.ToField[boot] ( src/Database/PostgreSQL/Simple/ToField.hs-boot, dist/dist-sandbox-4fb45de7/build/Database/PostgreSQL/Simple/ToField.o-boot )
[12 of 32] Compiling Database.PostgreSQL.Simple.ToRow[boot] ( src/Database/PostgreSQL/Simple/ToRow.hs-boot, dist/dist-sandbox-4fb45de7/build/Database/PostgreSQL/Simple/ToRow.o-boot )
[13 of 32] Compiling Database.PostgreSQL.Simple.ToField ( src/Database/PostgreSQL/Simple/ToField.hs, dist/dist-sandbox-4fb45de7/build/Database/PostgreSQL/Simple/ToField.o )

src/Database/PostgreSQL/Simple/ToField.hs:32:1: Warning:
    The import of ‘Data.Monoid’ is redundant
      except perhaps to import instances from ‘Data.Monoid’
    To import instances alone, use: import Data.Monoid()

src/Database/PostgreSQL/Simple/ToField.hs:35:1: Warning:
    The import of ‘Word’ from module ‘Data.Word’ is redundant
[14 of 32] Compiling Database.PostgreSQL.Simple.ToRow ( src/Database/PostgreSQL/Simple/ToRow.hs, dist/dist-sandbox-4fb45de7/build/Database/PostgreSQL/Simple/ToRow.o )
[15 of 32] Compiling Database.PostgreSQL.Simple.Ok ( src/Database/PostgreSQL/Simple/Ok.hs, dist/dist-sandbox-4fb45de7/build/Database/PostgreSQL/Simple/Ok.o )
[16 of 32] Compiling Database.PostgreSQL.Simple.Internal ( src/Database/PostgreSQL/Simple/Internal.hs, dist/dist-sandbox-4fb45de7/build/Database/PostgreSQL/Simple/Internal.o )

src/Database/PostgreSQL/Simple/Internal.hs:37:1: Warning:
    The import of ‘Data.Monoid’ is redundant
      except perhaps to import instances from ‘Data.Monoid’
    To import instances alone, use: import Data.Monoid()
[17 of 32] Compiling Database.PostgreSQL.Simple.LargeObjects ( src/Database/PostgreSQL/Simple/LargeObjects.hs, dist/dist-sandbox-4fb45de7/build/Database/PostgreSQL/Simple/LargeObjects.o )

src/Database/PostgreSQL/Simple/LargeObjects.hs:43:1: Warning:
    The import of ‘Control.Applicative’ is redundant
      except perhaps to import instances from ‘Control.Applicative’
    To import instances alone, use: import Control.Applicative()
[18 of 32] Compiling Database.PostgreSQL.Simple.Notification ( src/Database/PostgreSQL/Simple/Notification.hs, dist/dist-sandbox-4fb45de7/build/Database/PostgreSQL/Simple/Notification.o )
[19 of 32] Compiling Database.PostgreSQL.Simple.Errors ( src/Database/PostgreSQL/Simple/Errors.hs, dist/dist-sandbox-4fb45de7/build/Database/PostgreSQL/Simple/Errors.o )

src/Database/PostgreSQL/Simple/Errors.hs:28:1: Warning:
    The import of ‘Control.Applicative’ is redundant
      except perhaps to import instances from ‘Control.Applicative’
    To import instances alone, use: import Control.Applicative()
[20 of 32] Compiling Database.PostgreSQL.Simple.FromField[boot] ( src/Database/PostgreSQL/Simple/FromField.hs-boot, dist/dist-sandbox-4fb45de7/build/Database/PostgreSQL/Simple/FromField.o-boot )
[21 of 32] Compiling Database.PostgreSQL.Simple.FromRow[boot] ( src/Database/PostgreSQL/Simple/FromRow.hs-boot, dist/dist-sandbox-4fb45de7/build/Database/PostgreSQL/Simple/FromRow.o-boot )
[22 of 32] Compiling Database.PostgreSQL.Simple.Compat ( src/Database/PostgreSQL/Simple/Compat.hs, dist/dist-sandbox-4fb45de7/build/Database/PostgreSQL/Simple/Compat.o )
[23 of 32] Compiling Database.PostgreSQL.Simple.Transaction ( src/Database/PostgreSQL/Simple/Transaction.hs, dist/dist-sandbox-4fb45de7/build/Database/PostgreSQL/Simple/Transaction.o )
[24 of 32] Compiling Database.PostgreSQL.Simple[boot] ( src/Database/PostgreSQL/Simple.hs-boot, dist/dist-sandbox-4fb45de7/build/Database/PostgreSQL/Simple.o-boot )
[25 of 32] Compiling Database.PostgreSQL.Simple.TypeInfo ( src/Database/PostgreSQL/Simple/TypeInfo.hs, dist/dist-sandbox-4fb45de7/build/Database/PostgreSQL/Simple/TypeInfo.o )
[26 of 32] Compiling Database.PostgreSQL.Simple.FromField ( src/Database/PostgreSQL/Simple/FromField.hs, dist/dist-sandbox-4fb45de7/build/Database/PostgreSQL/Simple/FromField.o )

src/Database/PostgreSQL/Simple/FromField.hs:115:1: Warning:
    The import of ‘pure, *>, <$>’
    from module ‘Control.Applicative’ is redundant
[27 of 32] Compiling Database.PostgreSQL.Simple.HStore.Implementation ( src/Database/PostgreSQL/Simple/HStore/Implementation.hs, dist/dist-sandbox-4fb45de7/build/Database/PostgreSQL/Simple/HStore/Implementation.o )

src/Database/PostgreSQL/Simple/HStore/Implementation.hs:37:1: Warning:
    The import of ‘Data.Monoid’ is redundant
      except perhaps to import instances from ‘Data.Monoid’
    To import instances alone, use: import Data.Monoid()
[28 of 32] Compiling Database.PostgreSQL.Simple.HStore ( src/Database/PostgreSQL/Simple/HStore.hs, dist/dist-sandbox-4fb45de7/build/Database/PostgreSQL/Simple/HStore.o )
[29 of 32] Compiling Database.PostgreSQL.Simple.HStore.Internal ( src/Database/PostgreSQL/Simple/HStore/Internal.hs, dist/dist-sandbox-4fb45de7/build/Database/PostgreSQL/Simple/HStore/Internal.o )
[30 of 32] Compiling Database.PostgreSQL.Simple.FromRow ( src/Database/PostgreSQL/Simple/FromRow.hs, dist/dist-sandbox-4fb45de7/build/Database/PostgreSQL/Simple/FromRow.o )

src/Database/PostgreSQL/Simple/FromRow.hs:30:1: Warning:
    The import of ‘Applicative, *>, <$>’
    from module ‘Control.Applicative’ is redundant
[31 of 32] Compiling Database.PostgreSQL.Simple ( src/Database/PostgreSQL/Simple.hs, dist/dist-sandbox-4fb45de7/build/Database/PostgreSQL/Simple.o )

src/Database/PostgreSQL/Simple.hs:117:1: Warning:
    The import of ‘Control.Applicative’ is redundant
      except perhaps to import instances from ‘Control.Applicative’
    To import instances alone, use: import Control.Applicative()

src/Database/PostgreSQL/Simple.hs:123:1: Warning:
    The import of ‘Data.Monoid’ is redundant
      except perhaps to import instances from ‘Data.Monoid’
    To import instances alone, use: import Data.Monoid()
[32 of 32] Compiling Database.PostgreSQL.Simple.Copy ( src/Database/PostgreSQL/Simple/Copy.hs, dist/dist-sandbox-4fb45de7/build/Database/PostgreSQL/Simple/Copy.o )

src/Database/PostgreSQL/Simple/Copy.hs:41:1: Warning:
    The import of ‘Control.Applicative’ is redundant
      except perhaps to import instances from ‘Control.Applicative’
    To import instances alone, use: import Control.Applicative()
In-place registering postgresql-simple-0.4.10.0...
Creating package registration file:
/var/folders/kt/382lbbtj623_y_8xznrgbs9mb8d0_d/T/pkgConf-postgresql-simple-0.4.101130301905343775973.0
Installing library in
/Users/gpeterson/code/haskell/scotty-first/.cabal-sandbox/lib/x86_64-osx-ghc-7.10.1/postg_K63bXkvMHtyBlufkMlqdgI
Registering postgresql-simple-0.4.10.0...
