Configuring stringsearch-0.3.6.6...
Building stringsearch-0.3.6.6...
Preprocessing library stringsearch-0.3.6.6...
[ 1 of 15] Compiling Data.ByteString.Lazy.Search.KarpRabin ( Data/ByteString/Lazy/Search/KarpRabin.hs, dist/dist-sandbox-4fb45de7/build/Data/ByteString/Lazy/Search/KarpRabin.o )
[ 2 of 15] Compiling Data.ByteString.Search.KarpRabin ( Data/ByteString/Search/KarpRabin.hs, dist/dist-sandbox-4fb45de7/build/Data/ByteString/Search/KarpRabin.o )
[ 3 of 15] Compiling Data.ByteString.Search.Internal.Utils ( Data/ByteString/Search/Internal/Utils.hs, dist/dist-sandbox-4fb45de7/build/Data/ByteString/Search/Internal/Utils.o )
[ 4 of 15] Compiling Data.ByteString.Search.Internal.KnuthMorrisPratt ( Data/ByteString/Search/Internal/KnuthMorrisPratt.hs, dist/dist-sandbox-4fb45de7/build/Data/ByteString/Search/Internal/KnuthMorrisPratt.o )
[ 5 of 15] Compiling Data.ByteString.Search.KMP ( Data/ByteString/Search/KMP.hs, dist/dist-sandbox-4fb45de7/build/Data/ByteString/Search/KMP.o )
[ 6 of 15] Compiling Data.ByteString.Search.KnuthMorrisPratt ( Data/ByteString/Search/KnuthMorrisPratt.hs, dist/dist-sandbox-4fb45de7/build/Data/ByteString/Search/KnuthMorrisPratt.o )
[ 7 of 15] Compiling Data.ByteString.Lazy.Search.KMP ( Data/ByteString/Lazy/Search/KMP.hs, dist/dist-sandbox-4fb45de7/build/Data/ByteString/Lazy/Search/KMP.o )
[ 8 of 15] Compiling Data.ByteString.Search.Substitution ( Data/ByteString/Search/Substitution.hs, dist/dist-sandbox-4fb45de7/build/Data/ByteString/Search/Substitution.o )
[ 9 of 15] Compiling Data.ByteString.Lazy.Search.Internal.BoyerMoore ( Data/ByteString/Lazy/Search/Internal/BoyerMoore.hs, dist/dist-sandbox-4fb45de7/build/Data/ByteString/Lazy/Search/Internal/BoyerMoore.o )
[10 of 15] Compiling Data.ByteString.Search.DFA ( Data/ByteString/Search/DFA.hs, dist/dist-sandbox-4fb45de7/build/Data/ByteString/Search/DFA.o )
[11 of 15] Compiling Data.ByteString.Lazy.Search ( Data/ByteString/Lazy/Search.hs, dist/dist-sandbox-4fb45de7/build/Data/ByteString/Lazy/Search.o )
[12 of 15] Compiling Data.ByteString.Lazy.Search.DFA ( Data/ByteString/Lazy/Search/DFA.hs, dist/dist-sandbox-4fb45de7/build/Data/ByteString/Lazy/Search/DFA.o )
[13 of 15] Compiling Data.ByteString.Search.Internal.BoyerMoore ( Data/ByteString/Search/Internal/BoyerMoore.hs, dist/dist-sandbox-4fb45de7/build/Data/ByteString/Search/Internal/BoyerMoore.o )
[14 of 15] Compiling Data.ByteString.Search.BoyerMoore ( Data/ByteString/Search/BoyerMoore.hs, dist/dist-sandbox-4fb45de7/build/Data/ByteString/Search/BoyerMoore.o )
[15 of 15] Compiling Data.ByteString.Search ( Data/ByteString/Search.hs, dist/dist-sandbox-4fb45de7/build/Data/ByteString/Search.o )
In-place registering stringsearch-0.3.6.6...
Creating package registration file:
/var/folders/kt/382lbbtj623_y_8xznrgbs9mb8d0_d/T/pkgConf-stringsearch-0.3.64285405561968456301.6
Installing library in
/Users/gpeterson/code/haskell/scotty-first/.cabal-sandbox/lib/x86_64-osx-ghc-7.10.1/strin_9e287WcLTLzFHdVzfMN3hG
Registering stringsearch-0.3.6.6...
