Configuring syb-0.5.1...
Building syb-0.5.1...
Preprocessing library syb-0.5.1...
[ 1 of 16] Compiling Data.Generics.Basics ( src/Data/Generics/Basics.hs, dist/dist-sandbox-4fb45de7/build/Data/Generics/Basics.o )
[ 2 of 16] Compiling Generics.SYB.Basics ( src/Generics/SYB/Basics.hs, dist/dist-sandbox-4fb45de7/build/Generics/SYB/Basics.o )
[ 3 of 16] Compiling Data.Generics.Instances ( src/Data/Generics/Instances.hs, dist/dist-sandbox-4fb45de7/build/Data/Generics/Instances.o )
[ 4 of 16] Compiling Generics.SYB.Instances ( src/Generics/SYB/Instances.hs, dist/dist-sandbox-4fb45de7/build/Generics/SYB/Instances.o )
[ 5 of 16] Compiling Data.Generics.Aliases ( src/Data/Generics/Aliases.hs, dist/dist-sandbox-4fb45de7/build/Data/Generics/Aliases.o )
[ 6 of 16] Compiling Data.Generics.Schemes ( src/Data/Generics/Schemes.hs, dist/dist-sandbox-4fb45de7/build/Data/Generics/Schemes.o )
[ 7 of 16] Compiling Generics.SYB.Schemes ( src/Generics/SYB/Schemes.hs, dist/dist-sandbox-4fb45de7/build/Generics/SYB/Schemes.o )
[ 8 of 16] Compiling Data.Generics.Text ( src/Data/Generics/Text.hs, dist/dist-sandbox-4fb45de7/build/Data/Generics/Text.o )
[ 9 of 16] Compiling Generics.SYB.Text ( src/Generics/SYB/Text.hs, dist/dist-sandbox-4fb45de7/build/Generics/SYB/Text.o )
[10 of 16] Compiling Data.Generics.Twins ( src/Data/Generics/Twins.hs, dist/dist-sandbox-4fb45de7/build/Data/Generics/Twins.o )
[11 of 16] Compiling Generics.SYB.Twins ( src/Generics/SYB/Twins.hs, dist/dist-sandbox-4fb45de7/build/Generics/SYB/Twins.o )
[12 of 16] Compiling Data.Generics.Builders ( src/Data/Generics/Builders.hs, dist/dist-sandbox-4fb45de7/build/Data/Generics/Builders.o )
[13 of 16] Compiling Generics.SYB.Builders ( src/Generics/SYB/Builders.hs, dist/dist-sandbox-4fb45de7/build/Generics/SYB/Builders.o )
[14 of 16] Compiling Generics.SYB.Aliases ( src/Generics/SYB/Aliases.hs, dist/dist-sandbox-4fb45de7/build/Generics/SYB/Aliases.o )
[15 of 16] Compiling Data.Generics    ( src/Data/Generics.hs, dist/dist-sandbox-4fb45de7/build/Data/Generics.o )
[16 of 16] Compiling Generics.SYB     ( src/Generics/SYB.hs, dist/dist-sandbox-4fb45de7/build/Generics/SYB.o )
In-place registering syb-0.5.1...
Creating package registration file:
/var/folders/kt/382lbbtj623_y_8xznrgbs9mb8d0_d/T/pkgConf-syb-0.519047979421400285365.1
Installing library in
/Users/gpeterson/code/haskell/scotty-first/.cabal-sandbox/lib/x86_64-osx-ghc-7.10.1/syb_6Nyzyz06d8AJVgjVGQUDPB
Registering syb-0.5.1...
