Configuring uuid-1.3.10...
Building uuid-1.3.10...
Preprocessing library uuid-1.3.10...
[1 of 8] Compiling Data.UUID.Named  ( Data/UUID/Named.hs, dist/dist-sandbox-4fb45de7/build/Data/UUID/Named.o )

Data/UUID/Named.hs:31:1: Warning:
    The import of ‘Control.Applicative’ is redundant
      except perhaps to import instances from ‘Control.Applicative’
    To import instances alone, use: import Control.Applicative()
[2 of 8] Compiling Data.UUID.V5     ( Data/UUID/V5.hs, dist/dist-sandbox-4fb45de7/build/Data/UUID/V5.o )
[3 of 8] Compiling Data.UUID.V3     ( Data/UUID/V3.hs, dist/dist-sandbox-4fb45de7/build/Data/UUID/V3.o )
[4 of 8] Compiling Data.UUID.V1     ( Data/UUID/V1.hs, dist/dist-sandbox-4fb45de7/build/Data/UUID/V1.o )

Data/UUID/V1.hs:34:1: Warning:
    The import of ‘Control.Applicative’ is redundant
      except perhaps to import instances from ‘Control.Applicative’
    To import instances alone, use: import Control.Applicative()
[5 of 8] Compiling Data.Word.Util   ( Data/Word/Util.hs, dist/dist-sandbox-4fb45de7/build/Data/Word/Util.o )
[6 of 8] Compiling Data.UUID.Util   ( Data/UUID/Util.hs, dist/dist-sandbox-4fb45de7/build/Data/UUID/Util.o )
[7 of 8] Compiling Data.UUID        ( Data/UUID.hs, dist/dist-sandbox-4fb45de7/build/Data/UUID.o )
[8 of 8] Compiling Data.UUID.V4     ( Data/UUID/V4.hs, dist/dist-sandbox-4fb45de7/build/Data/UUID/V4.o )
In-place registering uuid-1.3.10...
Creating package registration file:
/var/folders/kt/382lbbtj623_y_8xznrgbs9mb8d0_d/T/pkgConf-uuid-1.312558209501113423934.10
Installing library in
/Users/gpeterson/code/haskell/scotty-first/.cabal-sandbox/lib/x86_64-osx-ghc-7.10.1/uuid_ABzZe4QaRWJ3guD8udxIWk
Registering uuid-1.3.10...
