Configuring uuid-types-1.0.1...
Building uuid-types-1.0.1...
Preprocessing library uuid-types-1.0.1...
[1 of 3] Compiling Data.UUID.Types.Internal.Builder ( Data/UUID/Types/Internal/Builder.hs, dist/dist-sandbox-4fb45de7/build/Data/UUID/Types/Internal/Builder.o )
[2 of 3] Compiling Data.UUID.Types.Internal ( Data/UUID/Types/Internal.hs, dist/dist-sandbox-4fb45de7/build/Data/UUID/Types/Internal.o )

Data/UUID/Types/Internal.hs:39:1: Warning:
    The import of ‘Control.Applicative’ is redundant
      except perhaps to import instances from ‘Control.Applicative’
    To import instances alone, use: import Control.Applicative()

Data/UUID/Types/Internal.hs:42:1: Warning:
    The import of ‘Data.Functor’ is redundant
      except perhaps to import instances from ‘Data.Functor’
    To import instances alone, use: import Data.Functor()
[3 of 3] Compiling Data.UUID.Types  ( Data/UUID/Types.hs, dist/dist-sandbox-4fb45de7/build/Data/UUID/Types.o )
In-place registering uuid-types-1.0.1...
Creating package registration file:
/var/folders/kt/382lbbtj623_y_8xznrgbs9mb8d0_d/T/pkgConf-uuid-types-1.03676039509135231.1
Installing library in
/Users/gpeterson/code/haskell/scotty-first/.cabal-sandbox/lib/x86_64-osx-ghc-7.10.1/uuidt_2IWKn5AiP8X760rorOBE2W
Registering uuid-types-1.0.1...
